Connecting to database specified by database.yml
Connecting to database specified by database.yml
Compiled jquery.js  (1ms)  (pid 23949)
Compiled jquery_ujs.js  (0ms)  (pid 23949)
Compiled twitter/bootstrap/bootstrap-transition.js  (0ms)  (pid 23949)
Compiled twitter/bootstrap/bootstrap-alert.js  (0ms)  (pid 23949)
Compiled twitter/bootstrap/bootstrap-modal.js  (0ms)  (pid 23949)
Compiled twitter/bootstrap/bootstrap-dropdown.js  (0ms)  (pid 23949)
Compiled twitter/bootstrap/bootstrap-scrollspy.js  (0ms)  (pid 23949)
Compiled twitter/bootstrap/bootstrap-tab.js  (0ms)  (pid 23949)
Compiled twitter/bootstrap/bootstrap-tooltip.js  (0ms)  (pid 23949)
Compiled twitter/bootstrap/bootstrap-popover.js  (0ms)  (pid 23949)
Compiled twitter/bootstrap/bootstrap-button.js  (0ms)  (pid 23949)
Compiled twitter/bootstrap/bootstrap-collapse.js  (0ms)  (pid 23949)
Compiled twitter/bootstrap/bootstrap-carousel.js  (0ms)  (pid 23949)
Compiled twitter/bootstrap/bootstrap-typeahead.js  (0ms)  (pid 23949)
Compiled twitter/bootstrap/bootstrap-affix.js  (0ms)  (pid 23949)
Compiled twitter/bootstrap.js  (117ms)  (pid 23949)
Compiled administration.js  (56ms)  (pid 23949)
Compiled answers.js  (0ms)  (pid 23949)
Compiled bootstrap-tagmanager.js  (0ms)  (pid 23949)
Compiled bootstrap.js  (3ms)  (pid 23949)
Compiled bootstrap_confirm.js  (0ms)  (pid 23949)
Compiled candidate_answers.js  (0ms)  (pid 23949)
Compiled candidates.js  (0ms)  (pid 23949)
Compiled jquery.countdown.min.js  (0ms)  (pid 23949)
Compiled jquery.scrollTo-1.4.3.1-min.js  (0ms)  (pid 23949)
Compiled jquery.tagbox.js  (0ms)  (pid 23949)
Compiled jquery.timer.js  (0ms)  (pid 23949)
Compiled jquery.tinyscrollbar.min.js  (0ms)  (pid 23949)
Compiled online_tests.js  (0ms)  (pid 23949)
Compiled questions.js  (0ms)  (pid 23949)
Compiled results.js  (0ms)  (pid 23949)
Compiled sessions.js  (0ms)  (pid 23949)
Compiled test_center.js  (0ms)  (pid 23949)
Compiled test_questions.js  (0ms)  (pid 23949)
Compiled users.js  (0ms)  (pid 23949)
Compiled welcome.js  (0ms)  (pid 23949)
Compiled application.js  (289ms)  (pid 23949)
Compiled administration.css  (5ms)  (pid 23949)
Compiled answers.css  (0ms)  (pid 23949)
Compiled bootstrap-tagmanager.css  (0ms)  (pid 23949)
Compiled bootstrap_and_overrides.css  (763ms)  (pid 23949)
Compiled candidate_answers.css  (1ms)  (pid 23949)
Compiled candidates.css  (0ms)  (pid 23949)
Compiled jquery.countdown.css  (0ms)  (pid 23949)
Compiled jquery.tagbox.css  (0ms)  (pid 23949)
Compiled online_tests.css  (0ms)  (pid 23949)
Compiled questions.css  (0ms)  (pid 23949)
Compiled results.css  (0ms)  (pid 23949)
Compiled sessions.css  (0ms)  (pid 23949)
Compiled sidenav.css  (0ms)  (pid 23949)
Compiled test_center.css  (0ms)  (pid 23949)
Compiled test_questions.css  (0ms)  (pid 23949)
Compiled tinyscroll.css  (0ms)  (pid 23949)
Compiled users.css  (0ms)  (pid 23949)
Compiled welcome.css  (0ms)  (pid 23949)
Compiled application.css  (912ms)  (pid 23949)
Connecting to database specified by database.yml
Compiled jquery.js  (2ms)  (pid 23949)
Compiled jquery_ujs.js  (0ms)  (pid 23949)
Compiled twitter/bootstrap/bootstrap-transition.js  (0ms)  (pid 23949)
Compiled twitter/bootstrap/bootstrap-alert.js  (0ms)  (pid 23949)
Compiled twitter/bootstrap/bootstrap-modal.js  (0ms)  (pid 23949)
Compiled twitter/bootstrap/bootstrap-dropdown.js  (0ms)  (pid 23949)
Compiled twitter/bootstrap/bootstrap-scrollspy.js  (0ms)  (pid 23949)
Compiled twitter/bootstrap/bootstrap-tab.js  (0ms)  (pid 23949)
Compiled twitter/bootstrap/bootstrap-tooltip.js  (0ms)  (pid 23949)
Compiled twitter/bootstrap/bootstrap-popover.js  (0ms)  (pid 23949)
Compiled twitter/bootstrap/bootstrap-button.js  (0ms)  (pid 23949)
Compiled twitter/bootstrap/bootstrap-collapse.js  (0ms)  (pid 23949)
Compiled twitter/bootstrap/bootstrap-carousel.js  (0ms)  (pid 23949)
Compiled twitter/bootstrap/bootstrap-typeahead.js  (0ms)  (pid 23949)
Compiled twitter/bootstrap/bootstrap-affix.js  (0ms)  (pid 23949)
Compiled twitter/bootstrap.js  (114ms)  (pid 23949)
Compiled administration.js  (58ms)  (pid 23949)
Compiled answers.js  (0ms)  (pid 23949)
Compiled bootstrap-tagmanager.js  (0ms)  (pid 23949)
Compiled bootstrap.js  (3ms)  (pid 23949)
Compiled bootstrap_confirm.js  (0ms)  (pid 23949)
Compiled candidate_answers.js  (0ms)  (pid 23949)
Compiled candidates.js  (0ms)  (pid 23949)
Compiled jquery.countdown.min.js  (0ms)  (pid 23949)
Compiled jquery.scrollTo-1.4.3.1-min.js  (0ms)  (pid 23949)
Compiled jquery.tagbox.js  (0ms)  (pid 23949)
Compiled jquery.timer.js  (0ms)  (pid 23949)
Compiled jquery.tinyscrollbar.min.js  (0ms)  (pid 23949)
Compiled online_tests.js  (0ms)  (pid 23949)
Compiled questions.js  (0ms)  (pid 23949)
Compiled results.js  (0ms)  (pid 23949)
Compiled sessions.js  (0ms)  (pid 23949)
Compiled test_center.js  (0ms)  (pid 23949)
Compiled test_questions.js  (0ms)  (pid 23949)
Compiled users.js  (0ms)  (pid 23949)
Compiled welcome.js  (0ms)  (pid 23949)
Compiled application.js  (288ms)  (pid 23949)
Compiled administration.css  (34ms)  (pid 23949)
Compiled answers.css  (0ms)  (pid 23949)
Compiled bootstrap-tagmanager.css  (0ms)  (pid 23949)
Compiled bootstrap_and_overrides.css  (645ms)  (pid 23949)
Compiled candidate_answers.css  (1ms)  (pid 23949)
Compiled candidates.css  (0ms)  (pid 23949)
Compiled jquery.countdown.css  (0ms)  (pid 23949)
Compiled jquery.tagbox.css  (37ms)  (pid 23949)
Compiled online_tests.css  (1ms)  (pid 23949)
Compiled questions.css  (0ms)  (pid 23949)
Compiled results.css  (0ms)  (pid 23949)
Compiled sessions.css  (0ms)  (pid 23949)
Compiled sidenav.css  (0ms)  (pid 23949)
Compiled test_center.css  (0ms)  (pid 23949)
Compiled test_questions.css  (0ms)  (pid 23949)
Compiled tinyscroll.css  (0ms)  (pid 23949)
Compiled users.css  (0ms)  (pid 23949)
Compiled welcome.css  (0ms)  (pid 23949)
Compiled application.css  (783ms)  (pid 23949)
Connecting to database specified by database.yml
Compiled jquery.js  (1ms)  (pid 24002)
Compiled jquery_ujs.js  (0ms)  (pid 24002)
Compiled twitter/bootstrap/bootstrap-transition.js  (0ms)  (pid 24002)
Compiled twitter/bootstrap/bootstrap-alert.js  (0ms)  (pid 24002)
Compiled twitter/bootstrap/bootstrap-modal.js  (0ms)  (pid 24002)
Compiled twitter/bootstrap/bootstrap-dropdown.js  (0ms)  (pid 24002)
Compiled twitter/bootstrap/bootstrap-scrollspy.js  (0ms)  (pid 24002)
Compiled twitter/bootstrap/bootstrap-tab.js  (0ms)  (pid 24002)
Compiled twitter/bootstrap/bootstrap-tooltip.js  (0ms)  (pid 24002)
Compiled twitter/bootstrap/bootstrap-popover.js  (0ms)  (pid 24002)
Compiled twitter/bootstrap/bootstrap-button.js  (0ms)  (pid 24002)
Compiled twitter/bootstrap/bootstrap-collapse.js  (0ms)  (pid 24002)
Compiled twitter/bootstrap/bootstrap-carousel.js  (0ms)  (pid 24002)
Compiled twitter/bootstrap/bootstrap-typeahead.js  (0ms)  (pid 24002)
Compiled twitter/bootstrap/bootstrap-affix.js  (0ms)  (pid 24002)
Compiled twitter/bootstrap.js  (116ms)  (pid 24002)
Compiled administration.js  (56ms)  (pid 24002)
Compiled answers.js  (0ms)  (pid 24002)
Compiled bootstrap-tagmanager.js  (0ms)  (pid 24002)
Compiled bootstrap.js  (3ms)  (pid 24002)
Compiled bootstrap_confirm.js  (0ms)  (pid 24002)
Compiled candidate_answers.js  (0ms)  (pid 24002)
Compiled candidates.js  (0ms)  (pid 24002)
Compiled jquery.countdown.min.js  (0ms)  (pid 24002)
Compiled jquery.scrollTo-1.4.3.1-min.js  (0ms)  (pid 24002)
Compiled jquery.tagbox.js  (0ms)  (pid 24002)
Compiled jquery.timer.js  (0ms)  (pid 24002)
Compiled jquery.tinyscrollbar.min.js  (0ms)  (pid 24002)
Compiled online_tests.js  (0ms)  (pid 24002)
Compiled questions.js  (0ms)  (pid 24002)
Compiled results.js  (0ms)  (pid 24002)
Compiled sessions.js  (0ms)  (pid 24002)
Compiled test_center.js  (0ms)  (pid 24002)
Compiled test_questions.js  (0ms)  (pid 24002)
Compiled users.js  (0ms)  (pid 24002)
Compiled welcome.js  (0ms)  (pid 24002)
Compiled application.js  (287ms)  (pid 24002)
Compiled administration.css  (5ms)  (pid 24002)
Compiled answers.css  (0ms)  (pid 24002)
Compiled bootstrap-tagmanager.css  (0ms)  (pid 24002)
Compiled bootstrap_and_overrides.css  (743ms)  (pid 24002)
Compiled candidate_answers.css  (1ms)  (pid 24002)
Compiled candidates.css  (0ms)  (pid 24002)
Compiled jquery.countdown.css  (0ms)  (pid 24002)
Compiled jquery.tagbox.css  (0ms)  (pid 24002)
Compiled online_tests.css  (0ms)  (pid 24002)
Compiled questions.css  (0ms)  (pid 24002)
Compiled results.css  (0ms)  (pid 24002)
Compiled sessions.css  (0ms)  (pid 24002)
Compiled sidenav.css  (0ms)  (pid 24002)
Compiled test_center.css  (1ms)  (pid 24002)
Compiled test_questions.css  (0ms)  (pid 24002)
Compiled tinyscroll.css  (0ms)  (pid 24002)
Compiled users.css  (0ms)  (pid 24002)
Compiled welcome.css  (0ms)  (pid 24002)
Compiled application.css  (853ms)  (pid 24002)
Connecting to database specified by database.yml
Compiled jquery.js  (1ms)  (pid 24002)
Compiled jquery_ujs.js  (0ms)  (pid 24002)
Compiled twitter/bootstrap/bootstrap-transition.js  (0ms)  (pid 24002)
Compiled twitter/bootstrap/bootstrap-alert.js  (0ms)  (pid 24002)
Compiled twitter/bootstrap/bootstrap-modal.js  (0ms)  (pid 24002)
Compiled twitter/bootstrap/bootstrap-dropdown.js  (0ms)  (pid 24002)
Compiled twitter/bootstrap/bootstrap-scrollspy.js  (0ms)  (pid 24002)
Compiled twitter/bootstrap/bootstrap-tab.js  (0ms)  (pid 24002)
Compiled twitter/bootstrap/bootstrap-tooltip.js  (0ms)  (pid 24002)
Compiled twitter/bootstrap/bootstrap-popover.js  (0ms)  (pid 24002)
Compiled twitter/bootstrap/bootstrap-button.js  (0ms)  (pid 24002)
Compiled twitter/bootstrap/bootstrap-collapse.js  (0ms)  (pid 24002)
Compiled twitter/bootstrap/bootstrap-carousel.js  (0ms)  (pid 24002)
Compiled twitter/bootstrap/bootstrap-typeahead.js  (0ms)  (pid 24002)
Compiled twitter/bootstrap/bootstrap-affix.js  (0ms)  (pid 24002)
Compiled twitter/bootstrap.js  (93ms)  (pid 24002)
Compiled administration.js  (56ms)  (pid 24002)
Compiled answers.js  (0ms)  (pid 24002)
Compiled bootstrap-tagmanager.js  (0ms)  (pid 24002)
Compiled bootstrap.js  (3ms)  (pid 24002)
Compiled bootstrap_confirm.js  (0ms)  (pid 24002)
Compiled candidate_answers.js  (0ms)  (pid 24002)
Compiled candidates.js  (0ms)  (pid 24002)
Compiled jquery.countdown.min.js  (0ms)  (pid 24002)
Compiled jquery.scrollTo-1.4.3.1-min.js  (0ms)  (pid 24002)
Compiled jquery.tagbox.js  (0ms)  (pid 24002)
Compiled jquery.timer.js  (0ms)  (pid 24002)
Compiled jquery.tinyscrollbar.min.js  (0ms)  (pid 24002)
Compiled online_tests.js  (0ms)  (pid 24002)
Compiled questions.js  (0ms)  (pid 24002)
Compiled results.js  (0ms)  (pid 24002)
Compiled sessions.js  (0ms)  (pid 24002)
Compiled test_center.js  (0ms)  (pid 24002)
Compiled test_questions.js  (0ms)  (pid 24002)
Compiled users.js  (0ms)  (pid 24002)
Compiled welcome.js  (0ms)  (pid 24002)
Compiled application.js  (293ms)  (pid 24002)
Compiled administration.css  (33ms)  (pid 24002)
Compiled answers.css  (0ms)  (pid 24002)
Compiled bootstrap-tagmanager.css  (0ms)  (pid 24002)
Compiled bootstrap_and_overrides.css  (641ms)  (pid 24002)
Compiled candidate_answers.css  (1ms)  (pid 24002)
Compiled candidates.css  (0ms)  (pid 24002)
Compiled jquery.countdown.css  (0ms)  (pid 24002)
Compiled jquery.tagbox.css  (0ms)  (pid 24002)
Compiled online_tests.css  (1ms)  (pid 24002)
Compiled questions.css  (0ms)  (pid 24002)
Compiled results.css  (0ms)  (pid 24002)
Compiled sessions.css  (0ms)  (pid 24002)
Compiled sidenav.css  (0ms)  (pid 24002)
Compiled test_center.css  (0ms)  (pid 24002)
Compiled test_questions.css  (0ms)  (pid 24002)
Compiled tinyscroll.css  (0ms)  (pid 24002)
Compiled users.css  (0ms)  (pid 24002)
Compiled welcome.css  (0ms)  (pid 24002)
Compiled application.css  (811ms)  (pid 24002)
Connecting to database specified by database.yml
Connecting to database specified by database.yml
Started GET "/" for 127.0.0.1 at 2012-12-27 02:10:45 +0530
Processing by WelcomeController#index as HTML
  Rendered welcome/index.html.erb within layouts/application (52.3ms)
Completed 500 Internal Server Error in 122ms

ActionView::Template::Error (images/apple-touch-icon-144x144-precomposed.png isn't precompiled):
    21: 
    22:     <!-- For third-generation iPad with high-resolution Retina display: -->
    23:     <!-- Size should be 144 x 144 pixels -->
    24:     <%= favicon_link_tag 'images/apple-touch-icon-144x144-precomposed.png', :rel => 'apple-touch-icon-precomposed', :type => 'image/png', :sizes => '144x144' %>
    25: 
    26:     <!-- For iPhone with high-resolution Retina display: -->
    27:     <!-- Size should be 114 x 114 pixels -->
  app/views/layouts/application.html.erb:24:in `_app_views_layouts_application_html_erb___1593064854867477248_25695100'


Connecting to database specified by database.yml
Connecting to database specified by database.yml
Started GET "/" for 127.0.0.1 at 2012-12-27 02:12:34 +0530
Processing by WelcomeController#index as HTML
  Rendered welcome/index.html.erb within layouts/application (55.4ms)
Completed 500 Internal Server Error in 132ms

ActionView::Template::Error (images/apple-touch-icon-144x144-precomposed.png isn't precompiled):
    21: 
    22:     <!-- For third-generation iPad with high-resolution Retina display: -->
    23:     <!-- Size should be 144 x 144 pixels -->
    24:     <%= favicon_link_tag 'images/apple-touch-icon-144x144-precomposed.png', :rel => 'apple-touch-icon-precomposed', :type => 'image/png', :sizes => '144x144' %>
    25: 
    26:     <!-- For iPhone with high-resolution Retina display: -->
    27:     <!-- Size should be 114 x 114 pixels -->
  app/views/layouts/application.html.erb:24:in `_app_views_layouts_application_html_erb__2255979824095476155_28060540'


Connecting to database specified by database.yml
Compiled jquery.js  (1ms)  (pid 24088)
Compiled jquery_ujs.js  (0ms)  (pid 24088)
Compiled twitter/bootstrap/bootstrap-transition.js  (0ms)  (pid 24088)
Compiled twitter/bootstrap/bootstrap-alert.js  (0ms)  (pid 24088)
Compiled twitter/bootstrap/bootstrap-modal.js  (0ms)  (pid 24088)
Compiled twitter/bootstrap/bootstrap-dropdown.js  (0ms)  (pid 24088)
Compiled twitter/bootstrap/bootstrap-scrollspy.js  (0ms)  (pid 24088)
Compiled twitter/bootstrap/bootstrap-tab.js  (0ms)  (pid 24088)
Compiled twitter/bootstrap/bootstrap-tooltip.js  (0ms)  (pid 24088)
Compiled twitter/bootstrap/bootstrap-popover.js  (0ms)  (pid 24088)
Compiled twitter/bootstrap/bootstrap-button.js  (0ms)  (pid 24088)
Compiled twitter/bootstrap/bootstrap-collapse.js  (0ms)  (pid 24088)
Compiled twitter/bootstrap/bootstrap-carousel.js  (0ms)  (pid 24088)
Compiled twitter/bootstrap/bootstrap-typeahead.js  (0ms)  (pid 24088)
Compiled twitter/bootstrap/bootstrap-affix.js  (0ms)  (pid 24088)
Compiled twitter/bootstrap.js  (88ms)  (pid 24088)
Compiled administration.js  (57ms)  (pid 24088)
Compiled answers.js  (0ms)  (pid 24088)
Compiled bootstrap-tagmanager.js  (0ms)  (pid 24088)
Compiled bootstrap.js  (3ms)  (pid 24088)
Compiled bootstrap_confirm.js  (0ms)  (pid 24088)
Compiled candidate_answers.js  (0ms)  (pid 24088)
Compiled candidates.js  (0ms)  (pid 24088)
Compiled jquery.countdown.min.js  (0ms)  (pid 24088)
Compiled jquery.scrollTo-1.4.3.1-min.js  (0ms)  (pid 24088)
Compiled jquery.tagbox.js  (0ms)  (pid 24088)
Compiled jquery.timer.js  (0ms)  (pid 24088)
Compiled jquery.tinyscrollbar.min.js  (0ms)  (pid 24088)
Compiled online_tests.js  (0ms)  (pid 24088)
Compiled questions.js  (0ms)  (pid 24088)
Compiled results.js  (0ms)  (pid 24088)
Compiled sessions.js  (0ms)  (pid 24088)
Compiled test_center.js  (0ms)  (pid 24088)
Compiled test_questions.js  (0ms)  (pid 24088)
Compiled users.js  (0ms)  (pid 24088)
Compiled welcome.js  (0ms)  (pid 24088)
Compiled application.js  (321ms)  (pid 24088)
Compiled administration.css  (5ms)  (pid 24088)
Compiled answers.css  (1ms)  (pid 24088)
Compiled bootstrap-tagmanager.css  (0ms)  (pid 24088)
Compiled bootstrap_and_overrides.css  (721ms)  (pid 24088)
Compiled candidate_answers.css  (1ms)  (pid 24088)
Compiled candidates.css  (0ms)  (pid 24088)
Compiled jquery.countdown.css  (0ms)  (pid 24088)
Compiled jquery.tagbox.css  (0ms)  (pid 24088)
Compiled online_tests.css  (0ms)  (pid 24088)
Compiled questions.css  (1ms)  (pid 24088)
Compiled results.css  (0ms)  (pid 24088)
Compiled sessions.css  (0ms)  (pid 24088)
Compiled sidenav.css  (0ms)  (pid 24088)
Compiled test_center.css  (0ms)  (pid 24088)
Compiled test_questions.css  (0ms)  (pid 24088)
Compiled tinyscroll.css  (0ms)  (pid 24088)
Compiled users.css  (0ms)  (pid 24088)
Compiled welcome.css  (0ms)  (pid 24088)
Compiled application.css  (863ms)  (pid 24088)
Connecting to database specified by database.yml
Compiled jquery.js  (1ms)  (pid 24088)
Compiled jquery_ujs.js  (0ms)  (pid 24088)
Compiled twitter/bootstrap/bootstrap-transition.js  (0ms)  (pid 24088)
Compiled twitter/bootstrap/bootstrap-alert.js  (0ms)  (pid 24088)
Compiled twitter/bootstrap/bootstrap-modal.js  (0ms)  (pid 24088)
Compiled twitter/bootstrap/bootstrap-dropdown.js  (0ms)  (pid 24088)
Compiled twitter/bootstrap/bootstrap-scrollspy.js  (0ms)  (pid 24088)
Compiled twitter/bootstrap/bootstrap-tab.js  (0ms)  (pid 24088)
Compiled twitter/bootstrap/bootstrap-tooltip.js  (0ms)  (pid 24088)
Compiled twitter/bootstrap/bootstrap-popover.js  (0ms)  (pid 24088)
Compiled twitter/bootstrap/bootstrap-button.js  (0ms)  (pid 24088)
Compiled twitter/bootstrap/bootstrap-collapse.js  (30ms)  (pid 24088)
Compiled twitter/bootstrap/bootstrap-carousel.js  (0ms)  (pid 24088)
Compiled twitter/bootstrap/bootstrap-typeahead.js  (0ms)  (pid 24088)
Compiled twitter/bootstrap/bootstrap-affix.js  (0ms)  (pid 24088)
Compiled twitter/bootstrap.js  (89ms)  (pid 24088)
Compiled administration.js  (56ms)  (pid 24088)
Compiled answers.js  (0ms)  (pid 24088)
Compiled bootstrap-tagmanager.js  (0ms)  (pid 24088)
Compiled bootstrap.js  (3ms)  (pid 24088)
Compiled bootstrap_confirm.js  (0ms)  (pid 24088)
Compiled candidate_answers.js  (0ms)  (pid 24088)
Compiled candidates.js  (0ms)  (pid 24088)
Compiled jquery.countdown.min.js  (0ms)  (pid 24088)
Compiled jquery.scrollTo-1.4.3.1-min.js  (0ms)  (pid 24088)
Compiled jquery.tagbox.js  (0ms)  (pid 24088)
Compiled jquery.timer.js  (0ms)  (pid 24088)
Compiled jquery.tinyscrollbar.min.js  (0ms)  (pid 24088)
Compiled online_tests.js  (0ms)  (pid 24088)
Compiled questions.js  (0ms)  (pid 24088)
Compiled results.js  (0ms)  (pid 24088)
Compiled sessions.js  (0ms)  (pid 24088)
Compiled test_center.js  (0ms)  (pid 24088)
Compiled test_questions.js  (0ms)  (pid 24088)
Compiled users.js  (0ms)  (pid 24088)
Compiled welcome.js  (0ms)  (pid 24088)
Compiled application.js  (287ms)  (pid 24088)
Compiled administration.css  (5ms)  (pid 24088)
Compiled answers.css  (0ms)  (pid 24088)
Compiled bootstrap-tagmanager.css  (0ms)  (pid 24088)
Compiled bootstrap_and_overrides.css  (675ms)  (pid 24088)
Compiled candidate_answers.css  (1ms)  (pid 24088)
Compiled candidates.css  (0ms)  (pid 24088)
Compiled jquery.countdown.css  (0ms)  (pid 24088)
Compiled jquery.tagbox.css  (0ms)  (pid 24088)
Compiled online_tests.css  (1ms)  (pid 24088)
Compiled questions.css  (0ms)  (pid 24088)
Compiled results.css  (0ms)  (pid 24088)
Compiled sessions.css  (0ms)  (pid 24088)
Compiled sidenav.css  (0ms)  (pid 24088)
Compiled test_center.css  (0ms)  (pid 24088)
Compiled test_questions.css  (1ms)  (pid 24088)
Compiled tinyscroll.css  (0ms)  (pid 24088)
Compiled users.css  (0ms)  (pid 24088)
Compiled welcome.css  (0ms)  (pid 24088)
Compiled application.css  (788ms)  (pid 24088)
Started GET "/" for 127.0.0.1 at 2012-12-27 02:15:03 +0530
Processing by WelcomeController#index as HTML
  Rendered welcome/index.html.erb within layouts/application (3.0ms)
Completed 500 Internal Server Error in 7ms

ActionView::Template::Error (images/apple-touch-icon-144x144-precomposed.png isn't precompiled):
    21: 
    22:     <!-- For third-generation iPad with high-resolution Retina display: -->
    23:     <!-- Size should be 144 x 144 pixels -->
    24:   <% if 1==0 %>  <%= favicon_link_tag 'images/apple-touch-icon-144x144-precomposed.png', :rel => 'apple-touch-icon-precomposed', :type => 'image/png', :sizes => '144x144' %>
    25: 
    26:     <!-- For iPhone with high-resolution Retina display: -->
    27:     <!-- Size should be 114 x 114 pixels -->
  app/views/layouts/application.html.erb:24:in `_app_views_layouts_application_html_erb__2255979824095476155_28060540'


Started GET "/" for 127.0.0.1 at 2012-12-27 02:15:08 +0530
Processing by WelcomeController#index as HTML
  Rendered welcome/index.html.erb within layouts/application (2.3ms)
Completed 500 Internal Server Error in 5ms

ActionView::Template::Error (images/apple-touch-icon-144x144-precomposed.png isn't precompiled):
    21: 
    22:     <!-- For third-generation iPad with high-resolution Retina display: -->
    23:     <!-- Size should be 144 x 144 pixels -->
    24:   <% if 1==0 %>  <%= favicon_link_tag 'images/apple-touch-icon-144x144-precomposed.png', :rel => 'apple-touch-icon-precomposed', :type => 'image/png', :sizes => '144x144' %>
    25: 
    26:     <!-- For iPhone with high-resolution Retina display: -->
    27:     <!-- Size should be 114 x 114 pixels -->
  app/views/layouts/application.html.erb:24:in `_app_views_layouts_application_html_erb__2255979824095476155_28060540'


Started GET "/" for 127.0.0.1 at 2012-12-27 02:15:08 +0530
Processing by WelcomeController#index as HTML
  Rendered welcome/index.html.erb within layouts/application (3.2ms)
Completed 500 Internal Server Error in 6ms

ActionView::Template::Error (images/apple-touch-icon-144x144-precomposed.png isn't precompiled):
    21: 
    22:     <!-- For third-generation iPad with high-resolution Retina display: -->
    23:     <!-- Size should be 144 x 144 pixels -->
    24:   <% if 1==0 %>  <%= favicon_link_tag 'images/apple-touch-icon-144x144-precomposed.png', :rel => 'apple-touch-icon-precomposed', :type => 'image/png', :sizes => '144x144' %>
    25: 
    26:     <!-- For iPhone with high-resolution Retina display: -->
    27:     <!-- Size should be 114 x 114 pixels -->
  app/views/layouts/application.html.erb:24:in `_app_views_layouts_application_html_erb__2255979824095476155_28060540'


Started GET "/" for 127.0.0.1 at 2012-12-27 02:15:10 +0530
Processing by WelcomeController#index as HTML
  Rendered welcome/index.html.erb within layouts/application (2.0ms)
Completed 500 Internal Server Error in 4ms

ActionView::Template::Error (images/apple-touch-icon-144x144-precomposed.png isn't precompiled):
    21: 
    22:     <!-- For third-generation iPad with high-resolution Retina display: -->
    23:     <!-- Size should be 144 x 144 pixels -->
    24:   <% if 1==0 %>  <%= favicon_link_tag 'images/apple-touch-icon-144x144-precomposed.png', :rel => 'apple-touch-icon-precomposed', :type => 'image/png', :sizes => '144x144' %>
    25: 
    26:     <!-- For iPhone with high-resolution Retina display: -->
    27:     <!-- Size should be 114 x 114 pixels -->
  app/views/layouts/application.html.erb:24:in `_app_views_layouts_application_html_erb__2255979824095476155_28060540'


Started GET "/" for 127.0.0.1 at 2012-12-27 02:15:34 +0530
Processing by WelcomeController#index as HTML
  Rendered welcome/index.html.erb within layouts/application (2.9ms)
Completed 500 Internal Server Error in 6ms

ActionView::Template::Error (images/apple-touch-icon-144x144-precomposed.png isn't precompiled):
    21: 
    22:     <!-- For third-generation iPad with high-resolution Retina display: -->
    23:     <!-- Size should be 144 x 144 pixels -->
    24: 
    25:     <!-- For all other devices -->
    26:     <!-- Size should be 32 x 32 pixels -->
    27:     <%= favicon_link_tag 'images/favicon.ico', :rel => 'shortcut icon' %>
  app/views/layouts/application.html.erb:24:in `_app_views_layouts_application_html_erb__2255979824095476155_28060540'


Connecting to database specified by database.yml
Started GET "/" for 127.0.0.1 at 2012-12-27 02:16:30 +0530
Processing by WelcomeController#index as HTML
  Rendered welcome/index.html.erb within layouts/application (55.4ms)
Completed 500 Internal Server Error in 133ms

ActionView::Template::Error (images/favicon.ico isn't precompiled):
    24: 
    25:     <!-- For all other devices -->
    26:     <!-- Size should be 32 x 32 pixels -->
    27:     <%= favicon_link_tag 'images/favicon.ico', :rel => 'shortcut icon' %>
    28:   </head>
    29:   <body>
    30: 
  app/views/layouts/application.html.erb:27:in `_app_views_layouts_application_html_erb__2359868439912556381_17549520'


Started GET "/" for 127.0.0.1 at 2012-12-27 02:16:42 +0530
Processing by WelcomeController#index as HTML
  Rendered welcome/index.html.erb within layouts/application (2.7ms)
Completed 500 Internal Server Error in 6ms

ActionView::Template::Error (images/favicon.ico isn't precompiled):
    24: 
    25:     <!-- For all other devices -->
    26:     <!-- Size should be 32 x 32 pixels -->
    27: 
    28:   </head>
    29:   <body>
    30: 
  app/views/layouts/application.html.erb:27:in `_app_views_layouts_application_html_erb__2359868439912556381_17549520'


Connecting to database specified by database.yml
Started GET "/" for 127.0.0.1 at 2012-12-27 02:16:50 +0530
Processing by WelcomeController#index as HTML
  Rendered welcome/index.html.erb within layouts/application (55.7ms)
Completed 200 OK in 99ms (Views: 93.4ms | ActiveRecord: 2.3ms)
Started GET "/assets/application-3aff147f142f3a58f62b1fd763e81e01.css" for 127.0.0.1 at 2012-12-27 02:16:50 +0530

ActionController::RoutingError (No route matches [GET] "/assets/application-3aff147f142f3a58f62b1fd763e81e01.css"):
  actionpack (3.2.9) lib/action_dispatch/middleware/debug_exceptions.rb:21:in `call'
  actionpack (3.2.9) lib/action_dispatch/middleware/show_exceptions.rb:56:in `call'
  railties (3.2.9) lib/rails/rack/logger.rb:32:in `call_app'
  railties (3.2.9) lib/rails/rack/logger.rb:16:in `block in call'
  activesupport (3.2.9) lib/active_support/tagged_logging.rb:22:in `tagged'
  railties (3.2.9) lib/rails/rack/logger.rb:16:in `call'
  actionpack (3.2.9) lib/action_dispatch/middleware/request_id.rb:22:in `call'
  rack (1.4.1) lib/rack/methodoverride.rb:21:in `call'
  rack (1.4.1) lib/rack/runtime.rb:17:in `call'
  activesupport (3.2.9) lib/active_support/cache/strategy/local_cache.rb:72:in `call'
  rack (1.4.1) lib/rack/lock.rb:15:in `call'
  rack-cache (1.2) lib/rack/cache/context.rb:136:in `forward'
  rack-cache (1.2) lib/rack/cache/context.rb:245:in `fetch'
  rack-cache (1.2) lib/rack/cache/context.rb:185:in `lookup'
  rack-cache (1.2) lib/rack/cache/context.rb:66:in `call!'
  rack-cache (1.2) lib/rack/cache/context.rb:51:in `call'
  railties (3.2.9) lib/rails/engine.rb:479:in `call'
  railties (3.2.9) lib/rails/application.rb:223:in `call'
  rack (1.4.1) lib/rack/content_length.rb:14:in `call'
  railties (3.2.9) lib/rails/rack/log_tailer.rb:17:in `call'
  thin (1.5.0) lib/thin/connection.rb:81:in `block in pre_process'
  thin (1.5.0) lib/thin/connection.rb:79:in `catch'
  thin (1.5.0) lib/thin/connection.rb:79:in `pre_process'
  thin (1.5.0) lib/thin/connection.rb:54:in `process'
  thin (1.5.0) lib/thin/connection.rb:39:in `receive_data'
  eventmachine (1.0.0) lib/eventmachine.rb:187:in `run_machine'
  eventmachine (1.0.0) lib/eventmachine.rb:187:in `run'
  thin (1.5.0) lib/thin/backends/base.rb:63:in `start'
  thin (1.5.0) lib/thin/server.rb:159:in `start'
  rack (1.4.1) lib/rack/handler/thin.rb:13:in `run'
  rack (1.4.1) lib/rack/server.rb:265:in `start'
  railties (3.2.9) lib/rails/commands/server.rb:70:in `start'
  railties (3.2.9) lib/rails/commands.rb:55:in `block in <top (required)>'
  railties (3.2.9) lib/rails/commands.rb:50:in `tap'
  railties (3.2.9) lib/rails/commands.rb:50:in `<top (required)>'
  script/rails:6:in `require'
  script/rails:6:in `<main>'


Started GET "/assets/application-53c38c76a959067fa561472cb9e18231.js" for 127.0.0.1 at 2012-12-27 02:16:50 +0530

ActionController::RoutingError (No route matches [GET] "/assets/application-53c38c76a959067fa561472cb9e18231.js"):
  actionpack (3.2.9) lib/action_dispatch/middleware/debug_exceptions.rb:21:in `call'
  actionpack (3.2.9) lib/action_dispatch/middleware/show_exceptions.rb:56:in `call'
  railties (3.2.9) lib/rails/rack/logger.rb:32:in `call_app'
  railties (3.2.9) lib/rails/rack/logger.rb:16:in `block in call'
  activesupport (3.2.9) lib/active_support/tagged_logging.rb:22:in `tagged'
  railties (3.2.9) lib/rails/rack/logger.rb:16:in `call'
  actionpack (3.2.9) lib/action_dispatch/middleware/request_id.rb:22:in `call'
  rack (1.4.1) lib/rack/methodoverride.rb:21:in `call'
  rack (1.4.1) lib/rack/runtime.rb:17:in `call'
  activesupport (3.2.9) lib/active_support/cache/strategy/local_cache.rb:72:in `call'
  rack (1.4.1) lib/rack/lock.rb:15:in `call'
  rack-cache (1.2) lib/rack/cache/context.rb:136:in `forward'
  rack-cache (1.2) lib/rack/cache/context.rb:245:in `fetch'
  rack-cache (1.2) lib/rack/cache/context.rb:185:in `lookup'
  rack-cache (1.2) lib/rack/cache/context.rb:66:in `call!'
  rack-cache (1.2) lib/rack/cache/context.rb:51:in `call'
  railties (3.2.9) lib/rails/engine.rb:479:in `call'
  railties (3.2.9) lib/rails/application.rb:223:in `call'
  rack (1.4.1) lib/rack/content_length.rb:14:in `call'
  railties (3.2.9) lib/rails/rack/log_tailer.rb:17:in `call'
  thin (1.5.0) lib/thin/connection.rb:81:in `block in pre_process'
  thin (1.5.0) lib/thin/connection.rb:79:in `catch'
  thin (1.5.0) lib/thin/connection.rb:79:in `pre_process'
  thin (1.5.0) lib/thin/connection.rb:54:in `process'
  thin (1.5.0) lib/thin/connection.rb:39:in `receive_data'
  eventmachine (1.0.0) lib/eventmachine.rb:187:in `run_machine'
  eventmachine (1.0.0) lib/eventmachine.rb:187:in `run'
  thin (1.5.0) lib/thin/backends/base.rb:63:in `start'
  thin (1.5.0) lib/thin/server.rb:159:in `start'
  rack (1.4.1) lib/rack/handler/thin.rb:13:in `run'
  rack (1.4.1) lib/rack/server.rb:265:in `start'
  railties (3.2.9) lib/rails/commands/server.rb:70:in `start'
  railties (3.2.9) lib/rails/commands.rb:55:in `block in <top (required)>'
  railties (3.2.9) lib/rails/commands.rb:50:in `tap'
  railties (3.2.9) lib/rails/commands.rb:50:in `<top (required)>'
  script/rails:6:in `require'
  script/rails:6:in `<main>'


Connecting to database specified by database.yml
Started GET "/" for 127.0.0.1 at 2012-12-27 02:25:51 +0530
Processing by WelcomeController#index as HTML
  Rendered welcome/index.html.erb within layouts/application (54.5ms)
Completed 200 OK in 110ms (Views: 105.2ms | ActiveRecord: 2.1ms)
Started GET "/assets/application-3aff147f142f3a58f62b1fd763e81e01.css" for 127.0.0.1 at 2012-12-27 02:25:51 +0530
Served asset /application-3aff147f142f3a58f62b1fd763e81e01.css - 200 OK (27ms)
Started GET "/assets/application-53c38c76a959067fa561472cb9e18231.js" for 127.0.0.1 at 2012-12-27 02:25:51 +0530
Served asset /application-53c38c76a959067fa561472cb9e18231.js - 200 OK (62ms)
Started GET "/assets/lghtmesh.png" for 127.0.0.1 at 2012-12-27 02:25:54 +0530
Served asset /lghtmesh.png - 200 OK (1ms)
Started GET "/assets/striped_lens.png" for 127.0.0.1 at 2012-12-27 02:25:54 +0530
Served asset /striped_lens.png - 200 OK (1ms)
Started GET "/assets/images/favicon.ico" for 127.0.0.1 at 2012-12-27 02:25:54 +0530
Served asset /images/favicon.ico - 404 Not Found (3ms)

ActionController::RoutingError (No route matches [GET] "/assets/images/favicon.ico"):
  actionpack (3.2.9) lib/action_dispatch/middleware/debug_exceptions.rb:21:in `call'
  actionpack (3.2.9) lib/action_dispatch/middleware/show_exceptions.rb:56:in `call'
  railties (3.2.9) lib/rails/rack/logger.rb:32:in `call_app'
  railties (3.2.9) lib/rails/rack/logger.rb:16:in `block in call'
  activesupport (3.2.9) lib/active_support/tagged_logging.rb:22:in `tagged'
  railties (3.2.9) lib/rails/rack/logger.rb:16:in `call'
  actionpack (3.2.9) lib/action_dispatch/middleware/request_id.rb:22:in `call'
  rack (1.4.1) lib/rack/methodoverride.rb:21:in `call'
  rack (1.4.1) lib/rack/runtime.rb:17:in `call'
  activesupport (3.2.9) lib/active_support/cache/strategy/local_cache.rb:72:in `call'
  rack (1.4.1) lib/rack/lock.rb:15:in `call'
  rack-cache (1.2) lib/rack/cache/context.rb:136:in `forward'
  rack-cache (1.2) lib/rack/cache/context.rb:245:in `fetch'
  rack-cache (1.2) lib/rack/cache/context.rb:185:in `lookup'
  rack-cache (1.2) lib/rack/cache/context.rb:66:in `call!'
  rack-cache (1.2) lib/rack/cache/context.rb:51:in `call'
  railties (3.2.9) lib/rails/engine.rb:479:in `call'
  railties (3.2.9) lib/rails/application.rb:223:in `call'
  rack (1.4.1) lib/rack/content_length.rb:14:in `call'
  railties (3.2.9) lib/rails/rack/log_tailer.rb:17:in `call'
  thin (1.5.0) lib/thin/connection.rb:81:in `block in pre_process'
  thin (1.5.0) lib/thin/connection.rb:79:in `catch'
  thin (1.5.0) lib/thin/connection.rb:79:in `pre_process'
  thin (1.5.0) lib/thin/connection.rb:54:in `process'
  thin (1.5.0) lib/thin/connection.rb:39:in `receive_data'
  eventmachine (1.0.0) lib/eventmachine.rb:187:in `run_machine'
  eventmachine (1.0.0) lib/eventmachine.rb:187:in `run'
  thin (1.5.0) lib/thin/backends/base.rb:63:in `start'
  thin (1.5.0) lib/thin/server.rb:159:in `start'
  rack (1.4.1) lib/rack/handler/thin.rb:13:in `run'
  rack (1.4.1) lib/rack/server.rb:265:in `start'
  railties (3.2.9) lib/rails/commands/server.rb:70:in `start'
  railties (3.2.9) lib/rails/commands.rb:55:in `block in <top (required)>'
  railties (3.2.9) lib/rails/commands.rb:50:in `tap'
  railties (3.2.9) lib/rails/commands.rb:50:in `<top (required)>'
  script/rails:6:in `require'
  script/rails:6:in `<main>'


Started GET "/test/11" for 127.0.0.1 at 2012-12-27 02:26:57 +0530
Processing by CandidatesController#new as HTML
  Parameters: {"id"=>"11"}
  Rendered candidates/_form.html.erb (8.5ms)
  Rendered candidates/new.html.erb within layouts/application (11.9ms)
Completed 200 OK in 76ms (Views: 54.9ms | ActiveRecord: 1.6ms)
Started GET "/assets/images/favicon.ico" for 127.0.0.1 at 2012-12-27 02:26:58 +0530
Served asset /images/favicon.ico - 404 Not Found (3ms)

ActionController::RoutingError (No route matches [GET] "/assets/images/favicon.ico"):
  actionpack (3.2.9) lib/action_dispatch/middleware/debug_exceptions.rb:21:in `call'
  actionpack (3.2.9) lib/action_dispatch/middleware/show_exceptions.rb:56:in `call'
  railties (3.2.9) lib/rails/rack/logger.rb:32:in `call_app'
  railties (3.2.9) lib/rails/rack/logger.rb:16:in `block in call'
  activesupport (3.2.9) lib/active_support/tagged_logging.rb:22:in `tagged'
  railties (3.2.9) lib/rails/rack/logger.rb:16:in `call'
  actionpack (3.2.9) lib/action_dispatch/middleware/request_id.rb:22:in `call'
  rack (1.4.1) lib/rack/methodoverride.rb:21:in `call'
  rack (1.4.1) lib/rack/runtime.rb:17:in `call'
  activesupport (3.2.9) lib/active_support/cache/strategy/local_cache.rb:72:in `call'
  rack (1.4.1) lib/rack/lock.rb:15:in `call'
  rack-cache (1.2) lib/rack/cache/context.rb:136:in `forward'
  rack-cache (1.2) lib/rack/cache/context.rb:245:in `fetch'
  rack-cache (1.2) lib/rack/cache/context.rb:185:in `lookup'
  rack-cache (1.2) lib/rack/cache/context.rb:66:in `call!'
  rack-cache (1.2) lib/rack/cache/context.rb:51:in `call'
  railties (3.2.9) lib/rails/engine.rb:479:in `call'
  railties (3.2.9) lib/rails/application.rb:223:in `call'
  rack (1.4.1) lib/rack/content_length.rb:14:in `call'
  railties (3.2.9) lib/rails/rack/log_tailer.rb:17:in `call'
  thin (1.5.0) lib/thin/connection.rb:81:in `block in pre_process'
  thin (1.5.0) lib/thin/connection.rb:79:in `catch'
  thin (1.5.0) lib/thin/connection.rb:79:in `pre_process'
  thin (1.5.0) lib/thin/connection.rb:54:in `process'
  thin (1.5.0) lib/thin/connection.rb:39:in `receive_data'
  eventmachine (1.0.0) lib/eventmachine.rb:187:in `run_machine'
  eventmachine (1.0.0) lib/eventmachine.rb:187:in `run'
  thin (1.5.0) lib/thin/backends/base.rb:63:in `start'
  thin (1.5.0) lib/thin/server.rb:159:in `start'
  rack (1.4.1) lib/rack/handler/thin.rb:13:in `run'
  rack (1.4.1) lib/rack/server.rb:265:in `start'
  railties (3.2.9) lib/rails/commands/server.rb:70:in `start'
  railties (3.2.9) lib/rails/commands.rb:55:in `block in <top (required)>'
  railties (3.2.9) lib/rails/commands.rb:50:in `tap'
  railties (3.2.9) lib/rails/commands.rb:50:in `<top (required)>'
  script/rails:6:in `require'
  script/rails:6:in `<main>'


Started POST "/candidates" for 127.0.0.1 at 2012-12-27 02:27:08 +0530
Processing by CandidatesController#create as HTML
  Parameters: {"utf8"=>"✓", "authenticity_token"=>"XdmAVK7coweQ9G+Fht5PRB8Rdhw+eDRvVENY+9nsfYs=", "candidate"=>{"name"=>"Steve", "college"=>"sss", "roll_no"=>"2009PITCS183", "department"=>"CSE", "year"=>"2"}, "commit"=>"Submit"}
Redirected to http://localhost:3000/test_center/instructions
Completed 302 Found in 2855ms (ActiveRecord: 2795.9ms)
Started GET "/test_center/instructions" for 127.0.0.1 at 2012-12-27 02:27:11 +0530
Processing by TestCenterController#instructions as HTML
  Rendered test_center/instructions.html.erb within layouts/application (1.5ms)
Completed 200 OK in 15ms (Views: 11.3ms | ActiveRecord: 0.6ms)
Started GET "/assets/fontawesome-webfont.woff" for 127.0.0.1 at 2012-12-27 02:27:11 +0530
Served asset /fontawesome-webfont.woff - 200 OK (2ms)
Started GET "/assets/images/favicon.ico" for 127.0.0.1 at 2012-12-27 02:27:11 +0530
Served asset /images/favicon.ico - 404 Not Found (3ms)

ActionController::RoutingError (No route matches [GET] "/assets/images/favicon.ico"):
  actionpack (3.2.9) lib/action_dispatch/middleware/debug_exceptions.rb:21:in `call'
  actionpack (3.2.9) lib/action_dispatch/middleware/show_exceptions.rb:56:in `call'
  railties (3.2.9) lib/rails/rack/logger.rb:32:in `call_app'
  railties (3.2.9) lib/rails/rack/logger.rb:16:in `block in call'
  activesupport (3.2.9) lib/active_support/tagged_logging.rb:22:in `tagged'
  railties (3.2.9) lib/rails/rack/logger.rb:16:in `call'
  actionpack (3.2.9) lib/action_dispatch/middleware/request_id.rb:22:in `call'
  rack (1.4.1) lib/rack/methodoverride.rb:21:in `call'
  rack (1.4.1) lib/rack/runtime.rb:17:in `call'
  activesupport (3.2.9) lib/active_support/cache/strategy/local_cache.rb:72:in `call'
  rack (1.4.1) lib/rack/lock.rb:15:in `call'
  rack-cache (1.2) lib/rack/cache/context.rb:136:in `forward'
  rack-cache (1.2) lib/rack/cache/context.rb:245:in `fetch'
  rack-cache (1.2) lib/rack/cache/context.rb:185:in `lookup'
  rack-cache (1.2) lib/rack/cache/context.rb:66:in `call!'
  rack-cache (1.2) lib/rack/cache/context.rb:51:in `call'
  railties (3.2.9) lib/rails/engine.rb:479:in `call'
  railties (3.2.9) lib/rails/application.rb:223:in `call'
  rack (1.4.1) lib/rack/content_length.rb:14:in `call'
  railties (3.2.9) lib/rails/rack/log_tailer.rb:17:in `call'
  thin (1.5.0) lib/thin/connection.rb:81:in `block in pre_process'
  thin (1.5.0) lib/thin/connection.rb:79:in `catch'
  thin (1.5.0) lib/thin/connection.rb:79:in `pre_process'
  thin (1.5.0) lib/thin/connection.rb:54:in `process'
  thin (1.5.0) lib/thin/connection.rb:39:in `receive_data'
  eventmachine (1.0.0) lib/eventmachine.rb:187:in `run_machine'
  eventmachine (1.0.0) lib/eventmachine.rb:187:in `run'
  thin (1.5.0) lib/thin/backends/base.rb:63:in `start'
  thin (1.5.0) lib/thin/server.rb:159:in `start'
  rack (1.4.1) lib/rack/handler/thin.rb:13:in `run'
  rack (1.4.1) lib/rack/server.rb:265:in `start'
  railties (3.2.9) lib/rails/commands/server.rb:70:in `start'
  railties (3.2.9) lib/rails/commands.rb:55:in `block in <top (required)>'
  railties (3.2.9) lib/rails/commands.rb:50:in `tap'
  railties (3.2.9) lib/rails/commands.rb:50:in `<top (required)>'
  script/rails:6:in `require'
  script/rails:6:in `<main>'


Started GET "/test_center/test" for 127.0.0.1 at 2012-12-27 02:27:13 +0530
Processing by TestCenterController#test as HTML
  Rendered test_center/test.html.erb within layouts/application (2.5ms)
Completed 200 OK in 197ms (Views: 11.7ms | ActiveRecord: 63.9ms)
Started GET "/assets/striped_lens.png" for 127.0.0.1 at 2012-12-27 02:27:13 +0530
Served asset /striped_lens.png - 304 Not Modified (0ms)
Started GET "/assets/images/favicon.ico" for 127.0.0.1 at 2012-12-27 02:27:13 +0530
Served asset /images/favicon.ico - 404 Not Found (1ms)

ActionController::RoutingError (No route matches [GET] "/assets/images/favicon.ico"):
  actionpack (3.2.9) lib/action_dispatch/middleware/debug_exceptions.rb:21:in `call'
  actionpack (3.2.9) lib/action_dispatch/middleware/show_exceptions.rb:56:in `call'
  railties (3.2.9) lib/rails/rack/logger.rb:32:in `call_app'
  railties (3.2.9) lib/rails/rack/logger.rb:16:in `block in call'
  activesupport (3.2.9) lib/active_support/tagged_logging.rb:22:in `tagged'
  railties (3.2.9) lib/rails/rack/logger.rb:16:in `call'
  actionpack (3.2.9) lib/action_dispatch/middleware/request_id.rb:22:in `call'
  rack (1.4.1) lib/rack/methodoverride.rb:21:in `call'
  rack (1.4.1) lib/rack/runtime.rb:17:in `call'
  activesupport (3.2.9) lib/active_support/cache/strategy/local_cache.rb:72:in `call'
  rack (1.4.1) lib/rack/lock.rb:15:in `call'
  rack-cache (1.2) lib/rack/cache/context.rb:136:in `forward'
  rack-cache (1.2) lib/rack/cache/context.rb:245:in `fetch'
  rack-cache (1.2) lib/rack/cache/context.rb:185:in `lookup'
  rack-cache (1.2) lib/rack/cache/context.rb:66:in `call!'
  rack-cache (1.2) lib/rack/cache/context.rb:51:in `call'
  railties (3.2.9) lib/rails/engine.rb:479:in `call'
  railties (3.2.9) lib/rails/application.rb:223:in `call'
  rack (1.4.1) lib/rack/content_length.rb:14:in `call'
  railties (3.2.9) lib/rails/rack/log_tailer.rb:17:in `call'
  thin (1.5.0) lib/thin/connection.rb:81:in `block in pre_process'
  thin (1.5.0) lib/thin/connection.rb:79:in `catch'
  thin (1.5.0) lib/thin/connection.rb:79:in `pre_process'
  thin (1.5.0) lib/thin/connection.rb:54:in `process'
  thin (1.5.0) lib/thin/connection.rb:39:in `receive_data'
  eventmachine (1.0.0) lib/eventmachine.rb:187:in `run_machine'
  eventmachine (1.0.0) lib/eventmachine.rb:187:in `run'
  thin (1.5.0) lib/thin/backends/base.rb:63:in `start'
  thin (1.5.0) lib/thin/server.rb:159:in `start'
  rack (1.4.1) lib/rack/handler/thin.rb:13:in `run'
  rack (1.4.1) lib/rack/server.rb:265:in `start'
  railties (3.2.9) lib/rails/commands/server.rb:70:in `start'
  railties (3.2.9) lib/rails/commands.rb:55:in `block in <top (required)>'
  railties (3.2.9) lib/rails/commands.rb:50:in `tap'
  railties (3.2.9) lib/rails/commands.rb:50:in `<top (required)>'
  script/rails:6:in `require'
  script/rails:6:in `<main>'


Started POST "/test_center/wait" for 127.0.0.1 at 2012-12-27 02:27:15 +0530
Processing by TestCenterController#wait as HTML
  Parameters: {"utf8"=>"✓", "authenticity_token"=>"XdmAVK7coweQ9G+Fht5PRB8Rdhw+eDRvVENY+9nsfYs=", "answer"=>{"259"=>"-1", "260"=>"-1", "261"=>"-1"}}
  Rendered test_center/wait.html.erb within layouts/application (0.6ms)
Completed 200 OK in 12ms (Views: 11.4ms | ActiveRecord: 0.0ms)
Started GET "/assets/images/favicon.ico" for 127.0.0.1 at 2012-12-27 02:27:15 +0530
Served asset /images/favicon.ico - 404 Not Found (1ms)

ActionController::RoutingError (No route matches [GET] "/assets/images/favicon.ico"):
  actionpack (3.2.9) lib/action_dispatch/middleware/debug_exceptions.rb:21:in `call'
  actionpack (3.2.9) lib/action_dispatch/middleware/show_exceptions.rb:56:in `call'
  railties (3.2.9) lib/rails/rack/logger.rb:32:in `call_app'
  railties (3.2.9) lib/rails/rack/logger.rb:16:in `block in call'
  activesupport (3.2.9) lib/active_support/tagged_logging.rb:22:in `tagged'
  railties (3.2.9) lib/rails/rack/logger.rb:16:in `call'
  actionpack (3.2.9) lib/action_dispatch/middleware/request_id.rb:22:in `call'
  rack (1.4.1) lib/rack/methodoverride.rb:21:in `call'
  rack (1.4.1) lib/rack/runtime.rb:17:in `call'
  activesupport (3.2.9) lib/active_support/cache/strategy/local_cache.rb:72:in `call'
  rack (1.4.1) lib/rack/lock.rb:15:in `call'
  rack-cache (1.2) lib/rack/cache/context.rb:136:in `forward'
  rack-cache (1.2) lib/rack/cache/context.rb:245:in `fetch'
  rack-cache (1.2) lib/rack/cache/context.rb:185:in `lookup'
  rack-cache (1.2) lib/rack/cache/context.rb:66:in `call!'
  rack-cache (1.2) lib/rack/cache/context.rb:51:in `call'
  railties (3.2.9) lib/rails/engine.rb:479:in `call'
  railties (3.2.9) lib/rails/application.rb:223:in `call'
  rack (1.4.1) lib/rack/content_length.rb:14:in `call'
  railties (3.2.9) lib/rails/rack/log_tailer.rb:17:in `call'
  thin (1.5.0) lib/thin/connection.rb:81:in `block in pre_process'
  thin (1.5.0) lib/thin/connection.rb:79:in `catch'
  thin (1.5.0) lib/thin/connection.rb:79:in `pre_process'
  thin (1.5.0) lib/thin/connection.rb:54:in `process'
  thin (1.5.0) lib/thin/connection.rb:39:in `receive_data'
  eventmachine (1.0.0) lib/eventmachine.rb:187:in `run_machine'
  eventmachine (1.0.0) lib/eventmachine.rb:187:in `run'
  thin (1.5.0) lib/thin/backends/base.rb:63:in `start'
  thin (1.5.0) lib/thin/server.rb:159:in `start'
  rack (1.4.1) lib/rack/handler/thin.rb:13:in `run'
  rack (1.4.1) lib/rack/server.rb:265:in `start'
  railties (3.2.9) lib/rails/commands/server.rb:70:in `start'
  railties (3.2.9) lib/rails/commands.rb:55:in `block in <top (required)>'
  railties (3.2.9) lib/rails/commands.rb:50:in `tap'
  railties (3.2.9) lib/rails/commands.rb:50:in `<top (required)>'
  script/rails:6:in `require'
  script/rails:6:in `<main>'


Started POST "/test_center/evaluate/" for 127.0.0.1 at 2012-12-27 02:27:16 +0530
Processing by TestCenterController#evaluate as */*
  Parameters: {"answer"=>{"259"=>"-1", "260"=>"-1", "261"=>"-1"}}
Redirected to http://localhost:3000/test_center/finish?candidate_id=51
Completed 302 Found in 149ms (ActiveRecord: 132.5ms)
Started GET "/assets/loading.gif" for 127.0.0.1 at 2012-12-27 02:27:16 +0530
Served asset /loading.gif - 200 OK (0ms)
Started GET "/test_center/finish?candidate_id=51" for 127.0.0.1 at 2012-12-27 02:27:16 +0530
Processing by TestCenterController#finish as */*
  Parameters: {"candidate_id"=>"51"}
  Rendered test_center/finish.html.erb within layouts/application (0.7ms)
Completed 200 OK in 16ms (Views: 12.0ms | ActiveRecord: 0.6ms)
Started GET "/assets/images/favicon.ico" for 127.0.0.1 at 2012-12-27 02:27:16 +0530
Served asset /images/favicon.ico - 404 Not Found (1ms)

ActionController::RoutingError (No route matches [GET] "/assets/images/favicon.ico"):
  actionpack (3.2.9) lib/action_dispatch/middleware/debug_exceptions.rb:21:in `call'
  actionpack (3.2.9) lib/action_dispatch/middleware/show_exceptions.rb:56:in `call'
  railties (3.2.9) lib/rails/rack/logger.rb:32:in `call_app'
  railties (3.2.9) lib/rails/rack/logger.rb:16:in `block in call'
  activesupport (3.2.9) lib/active_support/tagged_logging.rb:22:in `tagged'
  railties (3.2.9) lib/rails/rack/logger.rb:16:in `call'
  actionpack (3.2.9) lib/action_dispatch/middleware/request_id.rb:22:in `call'
  rack (1.4.1) lib/rack/methodoverride.rb:21:in `call'
  rack (1.4.1) lib/rack/runtime.rb:17:in `call'
  activesupport (3.2.9) lib/active_support/cache/strategy/local_cache.rb:72:in `call'
  rack (1.4.1) lib/rack/lock.rb:15:in `call'
  rack-cache (1.2) lib/rack/cache/context.rb:136:in `forward'
  rack-cache (1.2) lib/rack/cache/context.rb:245:in `fetch'
  rack-cache (1.2) lib/rack/cache/context.rb:185:in `lookup'
  rack-cache (1.2) lib/rack/cache/context.rb:66:in `call!'
  rack-cache (1.2) lib/rack/cache/context.rb:51:in `call'
  railties (3.2.9) lib/rails/engine.rb:479:in `call'
  railties (3.2.9) lib/rails/application.rb:223:in `call'
  rack (1.4.1) lib/rack/content_length.rb:14:in `call'
  railties (3.2.9) lib/rails/rack/log_tailer.rb:17:in `call'
  thin (1.5.0) lib/thin/connection.rb:81:in `block in pre_process'
  thin (1.5.0) lib/thin/connection.rb:79:in `catch'
  thin (1.5.0) lib/thin/connection.rb:79:in `pre_process'
  thin (1.5.0) lib/thin/connection.rb:54:in `process'
  thin (1.5.0) lib/thin/connection.rb:39:in `receive_data'
  eventmachine (1.0.0) lib/eventmachine.rb:187:in `run_machine'
  eventmachine (1.0.0) lib/eventmachine.rb:187:in `run'
  thin (1.5.0) lib/thin/backends/base.rb:63:in `start'
  thin (1.5.0) lib/thin/server.rb:159:in `start'
  rack (1.4.1) lib/rack/handler/thin.rb:13:in `run'
  rack (1.4.1) lib/rack/server.rb:265:in `start'
  railties (3.2.9) lib/rails/commands/server.rb:70:in `start'
  railties (3.2.9) lib/rails/commands.rb:55:in `block in <top (required)>'
  railties (3.2.9) lib/rails/commands.rb:50:in `tap'
  railties (3.2.9) lib/rails/commands.rb:50:in `<top (required)>'
  script/rails:6:in `require'
  script/rails:6:in `<main>'


Started GET "/test_center/finish" for 127.0.0.1 at 2012-12-27 02:27:16 +0530
Processing by TestCenterController#finish as HTML
  Rendered test_center/finish.html.erb within layouts/application (1.1ms)
Completed 200 OK in 20ms (Views: 16.2ms | ActiveRecord: 0.4ms)
Started GET "/assets/striped_lens.png" for 127.0.0.1 at 2012-12-27 02:27:16 +0530
Served asset /striped_lens.png - 304 Not Modified (0ms)
Started GET "/assets/images/favicon.ico" for 127.0.0.1 at 2012-12-27 02:27:16 +0530
Served asset /images/favicon.ico - 404 Not Found (2ms)

ActionController::RoutingError (No route matches [GET] "/assets/images/favicon.ico"):
  actionpack (3.2.9) lib/action_dispatch/middleware/debug_exceptions.rb:21:in `call'
  actionpack (3.2.9) lib/action_dispatch/middleware/show_exceptions.rb:56:in `call'
  railties (3.2.9) lib/rails/rack/logger.rb:32:in `call_app'
  railties (3.2.9) lib/rails/rack/logger.rb:16:in `block in call'
  activesupport (3.2.9) lib/active_support/tagged_logging.rb:22:in `tagged'
  railties (3.2.9) lib/rails/rack/logger.rb:16:in `call'
  actionpack (3.2.9) lib/action_dispatch/middleware/request_id.rb:22:in `call'
  rack (1.4.1) lib/rack/methodoverride.rb:21:in `call'
  rack (1.4.1) lib/rack/runtime.rb:17:in `call'
  activesupport (3.2.9) lib/active_support/cache/strategy/local_cache.rb:72:in `call'
  rack (1.4.1) lib/rack/lock.rb:15:in `call'
  rack-cache (1.2) lib/rack/cache/context.rb:136:in `forward'
  rack-cache (1.2) lib/rack/cache/context.rb:245:in `fetch'
  rack-cache (1.2) lib/rack/cache/context.rb:185:in `lookup'
  rack-cache (1.2) lib/rack/cache/context.rb:66:in `call!'
  rack-cache (1.2) lib/rack/cache/context.rb:51:in `call'
  railties (3.2.9) lib/rails/engine.rb:479:in `call'
  railties (3.2.9) lib/rails/application.rb:223:in `call'
  rack (1.4.1) lib/rack/content_length.rb:14:in `call'
  railties (3.2.9) lib/rails/rack/log_tailer.rb:17:in `call'
  thin (1.5.0) lib/thin/connection.rb:81:in `block in pre_process'
  thin (1.5.0) lib/thin/connection.rb:79:in `catch'
  thin (1.5.0) lib/thin/connection.rb:79:in `pre_process'
  thin (1.5.0) lib/thin/connection.rb:54:in `process'
  thin (1.5.0) lib/thin/connection.rb:39:in `receive_data'
  eventmachine (1.0.0) lib/eventmachine.rb:187:in `run_machine'
  eventmachine (1.0.0) lib/eventmachine.rb:187:in `run'
  thin (1.5.0) lib/thin/backends/base.rb:63:in `start'
  thin (1.5.0) lib/thin/server.rb:159:in `start'
  rack (1.4.1) lib/rack/handler/thin.rb:13:in `run'
  rack (1.4.1) lib/rack/server.rb:265:in `start'
  railties (3.2.9) lib/rails/commands/server.rb:70:in `start'
  railties (3.2.9) lib/rails/commands.rb:55:in `block in <top (required)>'
  railties (3.2.9) lib/rails/commands.rb:50:in `tap'
  railties (3.2.9) lib/rails/commands.rb:50:in `<top (required)>'
  script/rails:6:in `require'
  script/rails:6:in `<main>'


Connecting to database specified by database.yml
Started GET "/" for 127.0.0.1 at 2012-12-27 02:35:21 +0530
Processing by WelcomeController#index as HTML
  Rendered welcome/index.html.erb within layouts/application (3.0ms)
Completed 200 OK in 17ms (Views: 16.4ms | ActiveRecord: 0.4ms)
Started GET "/assets/lghtmesh.png" for 127.0.0.1 at 2012-12-27 02:35:22 +0530
Served asset /lghtmesh.png - 304 Not Modified (0ms)
Started GET "/assets/striped_lens.png" for 127.0.0.1 at 2012-12-27 02:35:22 +0530
Served asset /striped_lens.png - 304 Not Modified (0ms)
Started GET "/assets/images/favicon.ico" for 127.0.0.1 at 2012-12-27 02:35:22 +0530
Served asset /images/favicon.ico - 404 Not Found (1ms)

ActionController::RoutingError (No route matches [GET] "/assets/images/favicon.ico"):
  actionpack (3.2.9) lib/action_dispatch/middleware/debug_exceptions.rb:21:in `call'
  actionpack (3.2.9) lib/action_dispatch/middleware/show_exceptions.rb:56:in `call'
  railties (3.2.9) lib/rails/rack/logger.rb:32:in `call_app'
  railties (3.2.9) lib/rails/rack/logger.rb:16:in `block in call'
  activesupport (3.2.9) lib/active_support/tagged_logging.rb:22:in `tagged'
  railties (3.2.9) lib/rails/rack/logger.rb:16:in `call'
  actionpack (3.2.9) lib/action_dispatch/middleware/request_id.rb:22:in `call'
  rack (1.4.1) lib/rack/methodoverride.rb:21:in `call'
  rack (1.4.1) lib/rack/runtime.rb:17:in `call'
  activesupport (3.2.9) lib/active_support/cache/strategy/local_cache.rb:72:in `call'
  rack (1.4.1) lib/rack/lock.rb:15:in `call'
  rack-cache (1.2) lib/rack/cache/context.rb:136:in `forward'
  rack-cache (1.2) lib/rack/cache/context.rb:245:in `fetch'
  rack-cache (1.2) lib/rack/cache/context.rb:185:in `lookup'
  rack-cache (1.2) lib/rack/cache/context.rb:66:in `call!'
  rack-cache (1.2) lib/rack/cache/context.rb:51:in `call'
  railties (3.2.9) lib/rails/engine.rb:479:in `call'
  railties (3.2.9) lib/rails/application.rb:223:in `call'
  rack (1.4.1) lib/rack/content_length.rb:14:in `call'
  railties (3.2.9) lib/rails/rack/log_tailer.rb:17:in `call'
  thin (1.5.0) lib/thin/connection.rb:81:in `block in pre_process'
  thin (1.5.0) lib/thin/connection.rb:79:in `catch'
  thin (1.5.0) lib/thin/connection.rb:79:in `pre_process'
  thin (1.5.0) lib/thin/connection.rb:54:in `process'
  thin (1.5.0) lib/thin/connection.rb:39:in `receive_data'
  eventmachine (1.0.0) lib/eventmachine.rb:187:in `run_machine'
  eventmachine (1.0.0) lib/eventmachine.rb:187:in `run'
  thin (1.5.0) lib/thin/backends/base.rb:63:in `start'
  thin (1.5.0) lib/thin/server.rb:159:in `start'
  rack (1.4.1) lib/rack/handler/thin.rb:13:in `run'
  rack (1.4.1) lib/rack/server.rb:265:in `start'
  railties (3.2.9) lib/rails/commands/server.rb:70:in `start'
  railties (3.2.9) lib/rails/commands.rb:55:in `block in <top (required)>'
  railties (3.2.9) lib/rails/commands.rb:50:in `tap'
  railties (3.2.9) lib/rails/commands.rb:50:in `<top (required)>'
  script/rails:6:in `require'
  script/rails:6:in `<main>'


